<?xml version="1.0" encoding="UTF-8"?>
<!-- Generated by org.testng.reporters.JUnitReportReporter -->
<testsuite hostname="DESKTOP-T6RG24P" failures="0" tests="1" name="com.testscrips.TestJavaFile" time="0.033" errors="0" timestamp="2021-05-07T12:25:31 PDT" skipped="0">
  <testcase classname="com.testscrips.TestJavaFile" name="testSonar" time="0.033"/>
  <system-out/>
</testsuite> <!-- com.testscrips.TestJavaFile -->
